0 info it worked if it ends with ok
1 verbose cli [ 'C:\\Program Files\\nodejs\\node.exe',
1 verbose cli   'C:\\Program Files\\nodejs\\node_modules\\npm\\bin\\npm-cli.js',
1 verbose cli   'start' ]
2 info using npm@3.10.10
3 info using node@v6.10.0
4 verbose run-script [ 'prestart', 'start', 'poststart' ]
5 info lifecycle scrapping@0.0.0~prestart: scrapping@0.0.0
6 silly lifecycle scrapping@0.0.0~prestart: no script for prestart, continuing
7 info lifecycle scrapping@0.0.0~start: scrapping@0.0.0
8 verbose lifecycle scrapping@0.0.0~start: unsafe-perm in lifecycle true
9 verbose lifecycle scrapping@0.0.0~start: PATH: C:\Program Files\nodejs\node_modules\npm\bin\node-gyp-bin;C:\Users\Dante\Documents\GitHub\xampp\htdocs\final-project\server\apps\scrapping\node_modules\.bin;C:\ProgramData\Oracle\Java\javapath;C:\Windows\system32;C:\Windows;C:\Windows\System32\Wbem;C:\Windows\System32\WindowsPowerShell\v1.0\;C:\Program Files (x86)\Brackets\command;C:\Program Files (x86)\Skype\Phone\;C:\Program Files\nodejs\;C:\Users\Dante\AppData\Roaming\npm;C:\Users\Dante\Documents\GitHub\xampp\htdocs\final-project-freebird\server\apps\scrapping\lib\casperjs-1.1.4\bin;C:\Users\Dante\Documents\GitHub\xampp\htdocs\final-project-freebird\server\apps\scrapping\lib\phantomjs-2.1.1-windows\bin;.
10 verbose lifecycle scrapping@0.0.0~start: CWD: C:\Users\Dante\Documents\GitHub\xampp\htdocs\final-project\server\apps\scrapping
11 silly lifecycle scrapping@0.0.0~start: Args: [ '/d /s /c', 'casperjs scrapper.js' ]
12 silly lifecycle scrapping@0.0.0~start: Returned: code: 1  signal: null
13 info lifecycle scrapping@0.0.0~start: Failed to exec start script
14 verbose stack Error: scrapping@0.0.0 start: `casperjs scrapper.js`
14 verbose stack Exit status 1
14 verbose stack     at EventEmitter.<anonymous> (C:\Program Files\nodejs\node_modules\npm\lib\utils\lifecycle.js:255:16)
14 verbose stack     at emitTwo (events.js:106:13)
14 verbose stack     at EventEmitter.emit (events.js:191:7)
14 verbose stack     at ChildProcess.<anonymous> (C:\Program Files\nodejs\node_modules\npm\lib\utils\spawn.js:40:14)
14 verbose stack     at emitTwo (events.js:106:13)
14 verbose stack     at ChildProcess.emit (events.js:191:7)
14 verbose stack     at maybeClose (internal/child_process.js:877:16)
14 verbose stack     at Process.ChildProcess._handle.onexit (internal/child_process.js:226:5)
15 verbose pkgid scrapping@0.0.0
16 verbose cwd C:\Users\Dante\Documents\GitHub\xampp\htdocs\final-project\server\apps\scrapping
17 error Windows_NT 6.1.7601
18 error argv "C:\\Program Files\\nodejs\\node.exe" "C:\\Program Files\\nodejs\\node_modules\\npm\\bin\\npm-cli.js" "start"
19 error node v6.10.0
20 error npm  v3.10.10
21 error code ELIFECYCLE
22 error scrapping@0.0.0 start: `casperjs scrapper.js`
22 error Exit status 1
23 error Failed at the scrapping@0.0.0 start script 'casperjs scrapper.js'.
23 error Make sure you have the latest version of node.js and npm installed.
23 error If you do, this is most likely a problem with the scrapping package,
23 error not with npm itself.
23 error Tell the author that this fails on your system:
23 error     casperjs scrapper.js
23 error You can get information on how to open an issue for this project with:
23 error     npm bugs scrapping
23 error Or if that isn't available, you can get their info via:
23 error     npm owner ls scrapping
23 error There is likely additional logging output above.
24 verbose exit [ 1, true ]
